2023-08-18 17:08:748 INFO  SignUpPage :126 - Getting Text[[FirefoxDriver: firefox on WINDOWS (53d8488d-2c0c-4d37-957c-34f4cecf32df)] -> xpath: //p[contains(text(),'Marketing Communications')]]
2023-08-18 17:08:11 INFO  SignUpPage :78 - Accepting Cookies[[FirefoxDriver: firefox on WINDOWS (59252932-dc01-4693-b151-45b8d4102230)] -> xpath: //button[@id='onetrust-accept-btn-handler']]
2023-08-18 17:08:944 INFO  SignUpPage :82 - Clicking on Signup link[[FirefoxDriver: firefox on WINDOWS (59252932-dc01-4693-b151-45b8d4102230)] -> xpath: //a[contains(text(),'Sign Up')]]
2023-08-18 17:08:137 INFO  SignUpPage :86 - Enter First Name[[FirefoxDriver: firefox on WINDOWS (59252932-dc01-4693-b151-45b8d4102230)] -> xpath: //input[@id='first_name']]
2023-08-18 17:08:738 INFO  SignUpPage :90 - Enter Last NameRamavat
2023-08-18 17:08:806 INFO  SignUpPage :95 - Click on continue[[FirefoxDriver: firefox on WINDOWS (59252932-dc01-4693-b151-45b8d4102230)] -> xpath: //span[@class='regpath__button-next-text']]
2023-08-18 17:08:647 INFO  SignUpPage :101 - Enter Email[[FirefoxDriver: firefox on WINDOWS (59252932-dc01-4693-b151-45b8d4102230)] -> xpath: //input[@id='regpath_form_email_input']]
2023-08-18 17:08:379 INFO  SignUpPage :105 - Enter password[[FirefoxDriver: firefox on WINDOWS (59252932-dc01-4693-b151-45b8d4102230)] -> xpath: //input[@id='password']]
2023-08-18 17:08:887 INFO  SignUpPage :110 - Enter Mobile[[FirefoxDriver: firefox on WINDOWS (59252932-dc01-4693-b151-45b8d4102230)] -> xpath: //input[@id='phone_number']]
2023-08-18 17:08:807 INFO  SignUpPage :115 - Selecting Day[[FirefoxDriver: firefox on WINDOWS (59252932-dc01-4693-b151-45b8d4102230)] -> xpath: //select[@name='day']]
2023-08-18 17:08:554 INFO  SignUpPage :120 - Selecting Month[[FirefoxDriver: firefox on WINDOWS (59252932-dc01-4693-b151-45b8d4102230)] -> xpath: //select[@name='month']]
2023-08-18 17:08:45 INFO  SignUpPage :124 - Selecting Year[[FirefoxDriver: firefox on WINDOWS (59252932-dc01-4693-b151-45b8d4102230)] -> xpath: //select[@name='year']]
2023-08-18 17:08:188 INFO  SignUpPage :128 - Enter Address[[FirefoxDriver: firefox on WINDOWS (59252932-dc01-4693-b151-45b8d4102230)] -> xpath: //input[@id='address_search']]
2023-08-18 17:08:822 INFO  SignUpPage :133 - Click on continue[[FirefoxDriver: firefox on WINDOWS (59252932-dc01-4693-b151-45b8d4102230)] -> xpath: //button[@type='regpath-button-next']]
2023-08-18 17:08:87 INFO  SignUpPage :88 - Accepting Cookies[[FirefoxDriver: firefox on WINDOWS (129b43f7-00d4-44f9-90d2-797ee6842e22)] -> xpath: //button[@id='onetrust-accept-btn-handler']]
2023-08-18 17:08:574 INFO  SignUpPage :88 - Accepting Cookies[[FirefoxDriver: firefox on WINDOWS (0ff65513-6b97-4963-b24b-add576a4344c)] -> xpath: //button[@id='onetrust-accept-btn-handler']]
2023-08-18 17:08:111 INFO  SignUpPage :92 - Clicking on Signup link[[FirefoxDriver: firefox on WINDOWS (0ff65513-6b97-4963-b24b-add576a4344c)] -> xpath: //a[contains(text(),'Sign Up')]]
2023-08-18 17:08:418 INFO  SignUpPage :96 - Enter First Name[[FirefoxDriver: firefox on WINDOWS (0ff65513-6b97-4963-b24b-add576a4344c)] -> xpath: //input[@id='first_name']]
2023-08-18 17:08:720 INFO  SignUpPage :100 - Enter Last NameRamavat
2023-08-18 17:08:302 INFO  SignUpPage :105 - Click on continue[[FirefoxDriver: firefox on WINDOWS (0ff65513-6b97-4963-b24b-add576a4344c)] -> xpath: //span[@class='regpath__button-next-text']]
2023-08-18 17:08:570 INFO  SignUpPage :111 - Enter Email[[FirefoxDriver: firefox on WINDOWS (0ff65513-6b97-4963-b24b-add576a4344c)] -> xpath: //input[@id='regpath_form_email_input']]
2023-08-18 17:08:882 INFO  SignUpPage :115 - Enter password[[FirefoxDriver: firefox on WINDOWS (0ff65513-6b97-4963-b24b-add576a4344c)] -> xpath: //input[@id='password']]
2023-08-18 17:08:208 INFO  SignUpPage :120 - Enter Mobile[[FirefoxDriver: firefox on WINDOWS (0ff65513-6b97-4963-b24b-add576a4344c)] -> xpath: //input[@id='phone_number']]
2023-08-18 17:08:977 INFO  SignUpPage :125 - Selecting Day[[FirefoxDriver: firefox on WINDOWS (0ff65513-6b97-4963-b24b-add576a4344c)] -> xpath: //select[@name='day']]
2023-08-18 17:08:489 INFO  SignUpPage :130 - Selecting Month[[FirefoxDriver: firefox on WINDOWS (0ff65513-6b97-4963-b24b-add576a4344c)] -> xpath: //select[@name='month']]
2023-08-18 17:08:826 INFO  SignUpPage :134 - Selecting Year[[FirefoxDriver: firefox on WINDOWS (0ff65513-6b97-4963-b24b-add576a4344c)] -> xpath: //select[@name='year']]
2023-08-18 17:08:124 INFO  SignUpPage :138 - Click on enter manually[[FirefoxDriver: firefox on WINDOWS (0ff65513-6b97-4963-b24b-add576a4344c)] -> xpath: //span[contains(text(),'Enter Manually')]]
2023-08-18 17:08:267 INFO  SignUpPage :143 - Enter house numbre[[FirefoxDriver: firefox on WINDOWS (0ff65513-6b97-4963-b24b-add576a4344c)] -> xpath: //input[@id='address1']]
2023-08-18 17:08:566 INFO  SignUpPage :147 - Enter city[[FirefoxDriver: firefox on WINDOWS (0ff65513-6b97-4963-b24b-add576a4344c)] -> xpath: //input[@id='address3']]
2023-08-18 17:08:807 INFO  SignUpPage :152 - Enter Zipcode[[FirefoxDriver: firefox on WINDOWS (0ff65513-6b97-4963-b24b-add576a4344c)] -> xpath: //input[@id='postcode']]
2023-08-18 17:08:259 INFO  SignUpPage :157 - Click on continue[[FirefoxDriver: firefox on WINDOWS (0ff65513-6b97-4963-b24b-add576a4344c)] -> xpath: //button[@type='regpath-button-next']]
2023-08-18 17:08:378 INFO  SignUpPage :162 - Getting Text[[FirefoxDriver: firefox on WINDOWS (0ff65513-6b97-4963-b24b-add576a4344c)] -> xpath: //p[contains(text(),'Marketing Communications')]]
2023-08-18 22:08:534 INFO  SignUpPage :88 - Accepting Cookies[[FirefoxDriver: firefox on WINDOWS (56daee59-d288-4a57-bd13-1b448de68c56)] -> xpath: //button[@id='onetrust-accept-btn-handler']]
2023-08-18 22:08:26 INFO  SignUpPage :92 - Clicking on Signup link[[FirefoxDriver: firefox on WINDOWS (56daee59-d288-4a57-bd13-1b448de68c56)] -> xpath: //a[contains(text(),'Sign Up')]]
2023-08-18 22:08:468 INFO  SignUpPage :96 - Enter First Name[[FirefoxDriver: firefox on WINDOWS (56daee59-d288-4a57-bd13-1b448de68c56)] -> xpath: //input[@id='first_name']]
2023-08-18 22:08:281 INFO  SignUpPage :100 - Enter Last NameRamavat
2023-08-18 22:08:912 INFO  SignUpPage :105 - Click on continue[[FirefoxDriver: firefox on WINDOWS (56daee59-d288-4a57-bd13-1b448de68c56)] -> xpath: //span[@class='regpath__button-next-text']]
2023-08-18 22:08:153 INFO  SignUpPage :111 - Enter Email[[FirefoxDriver: firefox on WINDOWS (56daee59-d288-4a57-bd13-1b448de68c56)] -> xpath: //input[@id='regpath_form_email_input']]
2023-08-18 22:08:389 INFO  SignUpPage :115 - Enter password[[FirefoxDriver: firefox on WINDOWS (56daee59-d288-4a57-bd13-1b448de68c56)] -> xpath: //input[@id='password']]
2023-08-18 22:08:639 INFO  SignUpPage :120 - Enter Mobile[[FirefoxDriver: firefox on WINDOWS (56daee59-d288-4a57-bd13-1b448de68c56)] -> xpath: //input[@id='phone_number']]
2023-08-18 22:08:124 INFO  SignUpPage :125 - Selecting Day[[FirefoxDriver: firefox on WINDOWS (56daee59-d288-4a57-bd13-1b448de68c56)] -> xpath: //select[@name='day']]
2023-08-18 22:08:602 INFO  SignUpPage :130 - Selecting Month[[FirefoxDriver: firefox on WINDOWS (56daee59-d288-4a57-bd13-1b448de68c56)] -> xpath: //select[@name='month']]
2023-08-18 22:08:01 INFO  SignUpPage :134 - Selecting Year[[FirefoxDriver: firefox on WINDOWS (56daee59-d288-4a57-bd13-1b448de68c56)] -> xpath: //select[@name='year']]
2023-08-18 22:08:262 INFO  SignUpPage :138 - Click on enter manually[[FirefoxDriver: firefox on WINDOWS (56daee59-d288-4a57-bd13-1b448de68c56)] -> xpath: //span[contains(text(),'Enter Manually')]]
2023-08-18 22:08:370 INFO  SignUpPage :143 - Enter house numbre[[FirefoxDriver: firefox on WINDOWS (56daee59-d288-4a57-bd13-1b448de68c56)] -> xpath: //input[@id='address1']]
2023-08-18 22:08:605 INFO  SignUpPage :147 - Enter city[[FirefoxDriver: firefox on WINDOWS (56daee59-d288-4a57-bd13-1b448de68c56)] -> xpath: //input[@id='address3']]
2023-08-18 22:08:803 INFO  SignUpPage :152 - Enter Zipcode[[FirefoxDriver: firefox on WINDOWS (56daee59-d288-4a57-bd13-1b448de68c56)] -> xpath: //input[@id='postcode']]
2023-08-18 22:08:188 INFO  SignUpPage :157 - Click on continue[[FirefoxDriver: firefox on WINDOWS (56daee59-d288-4a57-bd13-1b448de68c56)] -> xpath: //button[@type='regpath-button-next']]
2023-08-18 22:08:238 INFO  SignUpPage :162 - Getting Text[[FirefoxDriver: firefox on WINDOWS (56daee59-d288-4a57-bd13-1b448de68c56)] -> xpath: //p[contains(text(),'Marketing Communications')]]
